{
  "RSpec": {
    "coverage": {
      "/Users/whitneylevis/Ada/Projects/FauxTweet/config/environment.rb": [
        null,
        1,
        null,
        null,
        1
      ],
      "/Users/whitneylevis/Ada/Projects/FauxTweet/config/application.rb": [
        1,
        null,
        1,
        null,
        null,
        null,
        1,
        null,
        1,
        1,
        null,
        null,
        null,
        null,
        null,
        null,
        null,
        null,
        null,
        null,
        null,
        null,
        null
      ],
      "/Users/whitneylevis/Ada/Projects/FauxTweet/config/boot.rb": [
        null,
        1,
        null,
        1
      ],
      "/Users/whitneylevis/Ada/Projects/FauxTweet/config/environments/test.rb": [
        1,
        null,
        null,
        null,
        null,
        null,
        null,
        1,
        null,
        null,
        null,
        null,
        1,
        null,
        null,
        1,
        1,
        null,
        null,
        1,
        1,
        null,
        null,
        1,
        null,
        null,
        1,
        null,
        null,
        null,
        null,
        1,
        null,
        null,
        1,
        null
      ],
      "/Users/whitneylevis/Ada/Projects/FauxTweet/config/initializers/backtrace_silencers.rb": [
        null,
        null,
        null,
        null,
        null,
        null,
        null
      ],
      "/Users/whitneylevis/Ada/Projects/FauxTweet/config/initializers/filter_parameter_logging.rb": [
        null,
        null,
        null,
        1
      ],
      "/Users/whitneylevis/Ada/Projects/FauxTweet/config/initializers/inflections.rb": [
        null,
        null,
        null,
        null,
        null,
        null,
        null,
        null,
        null,
        null,
        null,
        null,
        null,
        null,
        null,
        null
      ],
      "/Users/whitneylevis/Ada/Projects/FauxTweet/config/initializers/mime_types.rb": [
        null,
        null,
        null,
        null,
        null
      ],
      "/Users/whitneylevis/Ada/Projects/FauxTweet/config/initializers/secret_token.rb": [
        null,
        null,
        null,
        null,
        null,
        null,
        null,
        null,
        null,
        null,
        null,
        1
      ],
      "/Users/whitneylevis/Ada/Projects/FauxTweet/config/initializers/session_store.rb": [
        null,
        null,
        1
      ],
      "/Users/whitneylevis/Ada/Projects/FauxTweet/config/initializers/wrap_parameters.rb": [
        null,
        null,
        null,
        null,
        null,
        null,
        1,
        1,
        null,
        null,
        null,
        null,
        null,
        null
      ],
      "/Users/whitneylevis/Ada/Projects/FauxTweet/config/routes.rb": [
        1,
        1,
        1,
        1,
        1,
        null,
        null,
        null,
        null,
        null,
        null,
        null,
        null,
        null,
        null,
        null,
        null,
        null,
        null,
        null,
        null,
        null,
        null,
        null,
        null,
        null,
        null,
        null,
        null,
        null,
        null,
        null,
        null,
        null,
        null,
        null,
        null,
        null,
        null,
        null,
        null,
        null,
        null,
        null,
        null,
        null,
        null,
        null,
        null,
        null,
        null,
        null,
        null,
        null,
        null,
        null,
        null,
        null,
        null,
        null,
        null
      ],
      "/Users/whitneylevis/Ada/Projects/FauxTweet/app/helpers/application_helper.rb": [
        1,
        null
      ],
      "/Users/whitneylevis/Ada/Projects/FauxTweet/app/helpers/tweets_helper.rb": [
        1,
        null
      ],
      "/Users/whitneylevis/Ada/Projects/FauxTweet/app/controllers/tweets_controller.rb": [
        1,
        1,
        1,
        null,
        null,
        1,
        3,
        3,
        2,
        null,
        1,
        null,
        null,
        null,
        1,
        2,
        null,
        null,
        1,
        2,
        null,
        null,
        1,
        null,
        1,
        3,
        null,
        null
      ],
      "/Users/whitneylevis/Ada/Projects/FauxTweet/app/controllers/application_controller.rb": [
        1,
        null,
        null,
        1,
        null
      ],
      "/Users/whitneylevis/Ada/Projects/FauxTweet/app/models/tweet.rb": [
        1,
        1,
        1,
        null
      ]
    },
    "timestamp": 1389592916
  }
}
